social.are
group.are
help.are
rom.are
olc.hlp
ruleshlp.are
skillspellhlp.are
ourhelp.are
immhlp.are
immort.are
immz.are
special.are
ofcol2.are
shire.are
tokyo.are
plains.are
air.are
gxlyplce.are
arachnos.are
haon.are
astral.are
canyon.are
catacomb.are
chapel.are
daycare.are
draconia.are
dream.are
drow.are
thalos.are
dwarven.are
dylan.are
eastern.are
galaxy.are
gnome.are
grave.are
grove.are
hitower.are
limbo.are
mahntor.are
marsh.are
midennir.are
moria.are
newthalos.are
smoon.are
nirvana.are
ofcol.are
olympus.are
pyramid.are
sewer.are
redferne.are
school.are
tohell.are
trollden.are
valley.are
wyvern.are
smurf.are
shadowloo.are
shotokan.are
kowloon.are
battle.are
beast.are
nstar.are
inferno.are
narshe.are
under2.are
akirabar.are
warzone.are
graviton.are
gits.are
FF7.are
ninjasc.are
tenchi.are
rpbar.are
danger.are
guilds.are
braesun.are
suzuran.are
guildtoo.are
furinkin.are
kevin.are
ghost.are
lunar.are
$
