2002.10.06 11:08 B D:\Don-anime-folder\AnimeCode\areas\9010_school.are <-- sakura.lunar-tokyo.net /anime/area 9010_school.are
2002.10.06 11:08 B D:\Don-anime-folder\AnimeCode\areas\air.are <-- sakura.lunar-tokyo.net /anime/area air.are
2002.10.06 11:08 B D:\Don-anime-folder\AnimeCode\areas\akirabar.are <-- sakura.lunar-tokyo.net /anime/area akirabar.are
2002.10.06 11:08 B D:\Don-anime-folder\AnimeCode\areas\arachnos.are <-- sakura.lunar-tokyo.net /anime/area arachnos.are
2002.10.06 11:08 B D:\Don-anime-folder\AnimeCode\areas\area.lst <-- sakura.lunar-tokyo.net /anime/area area.lst
2002.10.06 11:08 B D:\Don-anime-folder\AnimeCode\areas\arena.are <-- sakura.lunar-tokyo.net /anime/area arena.are
2002.10.06 11:08 B D:\Don-anime-folder\AnimeCode\areas\astral.are <-- sakura.lunar-tokyo.net /anime/area astral.are
2002.10.06 11:08 B D:\Don-anime-folder\AnimeCode\areas\backup_guild.are <-- sakura.lunar-tokyo.net /anime/area backup_guild.are
2002.10.06 11:08 B D:\Don-anime-folder\AnimeCode\areas\battle.are <-- sakura.lunar-tokyo.net /anime/area battle.are
2002.10.06 11:08 B D:\Don-anime-folder\AnimeCode\areas\beast.are <-- sakura.lunar-tokyo.net /anime/area beast.are
2002.10.06 11:09 B D:\Don-anime-folder\AnimeCode\areas\bounty.not <-- sakura.lunar-tokyo.net /anime/area bounty.not
2002.10.06 11:09 B D:\Don-anime-folder\AnimeCode\areas\braesun.are <-- sakura.lunar-tokyo.net /anime/area braesun.are
2002.10.06 11:09 B D:\Don-anime-folder\AnimeCode\areas\bugs.txt <-- sakura.lunar-tokyo.net /anime/area bugs.txt
2002.10.06 11:09 B D:\Don-anime-folder\AnimeCode\areas\canyon.are <-- sakura.lunar-tokyo.net /anime/area canyon.are
2002.10.06 11:09 B D:\Don-anime-folder\AnimeCode\areas\catacomb.are <-- sakura.lunar-tokyo.net /anime/area catacomb.are
2002.10.06 11:09 B D:\Don-anime-folder\AnimeCode\areas\chang.not <-- sakura.lunar-tokyo.net /anime/area chang.not
2002.10.06 11:09 B D:\Don-anime-folder\AnimeCode\areas\chapel.are <-- sakura.lunar-tokyo.net /anime/area chapel.are
2002.10.06 11:09 B D:\Don-anime-folder\AnimeCode\areas\clantable <-- sakura.lunar-tokyo.net /anime/area clantable
2002.10.06 11:09 B D:\Don-anime-folder\AnimeCode\areas\clantable.061702 <-- sakura.lunar-tokyo.net /anime/area clantable.061702
2002.10.06 11:09 B D:\Don-anime-folder\AnimeCode\areas\clantable.backup <-- sakura.lunar-tokyo.net /anime/area clantable.backup
2002.10.06 11:09 B D:\Don-anime-folder\AnimeCode\areas\clantable.BACKUP <-- sakura.lunar-tokyo.net /anime/area clantable.BACKUP
2002.10.06 11:09 B D:\Don-anime-folder\AnimeCode\areas\clantable.HASALLCLANS <-- sakura.lunar-tokyo.net /anime/area clantable.HASALLCLANS
2002.10.06 11:09 B D:\Don-anime-folder\AnimeCode\areas\clantable.SHARD <-- sakura.lunar-tokyo.net /anime/area clantable.SHARD
2002.10.06 11:09 B D:\Don-anime-folder\AnimeCode\areas\clantable.txt <-- sakura.lunar-tokyo.net /anime/area clantable.txt
2002.10.06 11:09 B D:\Don-anime-folder\AnimeCode\areas\clantable.txt~ <-- sakura.lunar-tokyo.net /anime/area clantable.txt~
2002.10.06 11:09 B D:\Don-anime-folder\AnimeCode\areas\clantable_fscked.txt <-- sakura.lunar-tokyo.net /anime/area clantable_fscked.txt
2002.10.06 11:11 B D:\Don-anime-folder\AnimeCode\areas\core.020928-153046 <-- sakura.lunar-tokyo.net /anime/area core.020928-153046
2002.10.06 11:11 B D:\Don-anime-folder\AnimeCode\areas\danger.are <-- sakura.lunar-tokyo.net /anime/area danger.are
2002.10.06 11:11 B D:\Don-anime-folder\AnimeCode\areas\daycare.are <-- sakura.lunar-tokyo.net /anime/area daycare.are
2002.10.06 11:11 B D:\Don-anime-folder\AnimeCode\areas\draconia.are <-- sakura.lunar-tokyo.net /anime/area draconia.are
2002.10.06 11:11 B D:\Don-anime-folder\AnimeCode\areas\dream.are <-- sakura.lunar-tokyo.net /anime/area dream.are
2002.10.06 11:11 B D:\Don-anime-folder\AnimeCode\areas\drow.are <-- sakura.lunar-tokyo.net /anime/area drow.are
2002.10.06 11:11 B D:\Don-anime-folder\AnimeCode\areas\dwarven.are <-- sakura.lunar-tokyo.net /anime/area dwarven.are
2002.10.06 11:11 B D:\Don-anime-folder\AnimeCode\areas\dylan.are <-- sakura.lunar-tokyo.net /anime/area dylan.are
2002.10.06 11:11 B D:\Don-anime-folder\AnimeCode\areas\eastern.are <-- sakura.lunar-tokyo.net /anime/area eastern.are
2002.10.06 11:11 B D:\Don-anime-folder\AnimeCode\areas\FF7.are <-- sakura.lunar-tokyo.net /anime/area FF7.are
2002.10.06 11:11 B D:\Don-anime-folder\AnimeCode\areas\fixperms <-- sakura.lunar-tokyo.net /anime/area fixperms
2002.10.06 11:11 B D:\Don-anime-folder\AnimeCode\areas\frninkan.are <-- sakura.lunar-tokyo.net /anime/area frninkan.are
2002.10.06 11:11 B D:\Don-anime-folder\AnimeCode\areas\furinkin.are <-- sakura.lunar-tokyo.net /anime/area furinkin.are
2002.10.06 11:11 B D:\Don-anime-folder\AnimeCode\areas\galaxy.are <-- sakura.lunar-tokyo.net /anime/area galaxy.are
2002.10.06 11:11 B D:\Don-anime-folder\AnimeCode\areas\ghost.are <-- sakura.lunar-tokyo.net /anime/area ghost.are
2002.10.06 11:11 B D:\Don-anime-folder\AnimeCode\areas\gits.are <-- sakura.lunar-tokyo.net /anime/area gits.are
2002.10.06 11:11 B D:\Don-anime-folder\AnimeCode\areas\gits.bak <-- sakura.lunar-tokyo.net /anime/area gits.bak
2002.10.06 11:12 B D:\Don-anime-folder\AnimeCode\areas\gnome.are <-- sakura.lunar-tokyo.net /anime/area gnome.are
2002.10.06 11:12 B D:\Don-anime-folder\AnimeCode\areas\grave.are <-- sakura.lunar-tokyo.net /anime/area grave.are
2002.10.06 11:12 B D:\Don-anime-folder\AnimeCode\areas\graviton.are <-- sakura.lunar-tokyo.net /anime/area graviton.are
2002.10.06 11:12 B D:\Don-anime-folder\AnimeCode\areas\group.are <-- sakura.lunar-tokyo.net /anime/area group.are
2002.10.06 11:12 B D:\Don-anime-folder\AnimeCode\areas\grove.are <-- sakura.lunar-tokyo.net /anime/area grove.are
2002.10.06 11:12 B D:\Don-anime-folder\AnimeCode\areas\guild2k.are <-- sakura.lunar-tokyo.net /anime/area guild2k.are
2002.10.06 11:12 B D:\Don-anime-folder\AnimeCode\areas\guilds.are <-- sakura.lunar-tokyo.net /anime/area guilds.are
2002.10.06 11:12 B D:\Don-anime-folder\AnimeCode\areas\guildtoo.are <-- sakura.lunar-tokyo.net /anime/area guildtoo.are
2002.10.06 11:12 B D:\Don-anime-folder\AnimeCode\areas\gxlyplce.are <-- sakura.lunar-tokyo.net /anime/area gxlyplce.are
2002.10.06 11:12 B D:\Don-anime-folder\AnimeCode\areas\haon.are <-- sakura.lunar-tokyo.net /anime/area haon.are
2002.10.06 11:12 B D:\Don-anime-folder\AnimeCode\areas\happosai.mobile <-- sakura.lunar-tokyo.net /anime/area happosai.mobile
2002.10.06 11:12 B D:\Don-anime-folder\AnimeCode\areas\help.are <-- sakura.lunar-tokyo.net /anime/area help.are
2002.10.06 11:12 B D:\Don-anime-folder\AnimeCode\areas\hitower.are <-- sakura.lunar-tokyo.net /anime/area hitower.are
2002.10.06 11:12 B D:\Don-anime-folder\AnimeCode\areas\hood.are <-- sakura.lunar-tokyo.net /anime/area hood.are
2002.10.06 11:12 B D:\Don-anime-folder\AnimeCode\areas\ideas.not <-- sakura.lunar-tokyo.net /anime/area ideas.not
2002.10.06 11:12 B D:\Don-anime-folder\AnimeCode\areas\immcmdhlp.are <-- sakura.lunar-tokyo.net /anime/area immcmdhlp.are
2002.10.06 11:12 B D:\Don-anime-folder\AnimeCode\areas\immhlp.are <-- sakura.lunar-tokyo.net /anime/area immhlp.are
2002.10.06 11:12 B D:\Don-anime-folder\AnimeCode\areas\immort.are <-- sakura.lunar-tokyo.net /anime/area immort.are
2002.10.06 11:12 B D:\Don-anime-folder\AnimeCode\areas\immz.are <-- sakura.lunar-tokyo.net /anime/area immz.are
2002.10.06 11:12 B D:\Don-anime-folder\AnimeCode\areas\inferno.are <-- sakura.lunar-tokyo.net /anime/area inferno.are
2002.10.06 11:12 B D:\Don-anime-folder\AnimeCode\areas\inferno.are~ <-- sakura.lunar-tokyo.net /anime/area inferno.are~
2002.10.06 11:12 B D:\Don-anime-folder\AnimeCode\areas\kevin.are <-- sakura.lunar-tokyo.net /anime/area kevin.are
2002.10.06 11:12 B D:\Don-anime-folder\AnimeCode\areas\kowloon.are <-- sakura.lunar-tokyo.net /anime/area kowloon.are
2002.10.06 11:12 B D:\Don-anime-folder\AnimeCode\areas\limbo.are <-- sakura.lunar-tokyo.net /anime/area limbo.are
2002.10.06 11:12 B D:\Don-anime-folder\AnimeCode\areas\lunar.are <-- sakura.lunar-tokyo.net /anime/area lunar.are
2002.10.06 11:12 B D:\Don-anime-folder\AnimeCode\areas\mahntor.are <-- sakura.lunar-tokyo.net /anime/area mahntor.are
2002.10.06 11:12 B D:\Don-anime-folder\AnimeCode\areas\marsh.are <-- sakura.lunar-tokyo.net /anime/area marsh.are
2002.10.06 11:12 B D:\Don-anime-folder\AnimeCode\areas\mega1.are <-- sakura.lunar-tokyo.net /anime/area mega1.are
2002.10.06 11:12 B D:\Don-anime-folder\AnimeCode\areas\midennir.are <-- sakura.lunar-tokyo.net /anime/area midennir.are
2002.10.06 11:12 B D:\Don-anime-folder\AnimeCode\areas\mirror.are <-- sakura.lunar-tokyo.net /anime/area mirror.are
2002.10.06 11:12 B D:\Don-anime-folder\AnimeCode\areas\mobfact.are <-- sakura.lunar-tokyo.net /anime/area mobfact.are
2002.10.06 11:12 B D:\Don-anime-folder\AnimeCode\areas\moria.are <-- sakura.lunar-tokyo.net /anime/area moria.are
2002.10.06 11:12 B D:\Don-anime-folder\AnimeCode\areas\music.txt <-- sakura.lunar-tokyo.net /anime/area music.txt
2002.10.06 11:12 B D:\Don-anime-folder\AnimeCode\areas\music.txt~ <-- sakura.lunar-tokyo.net /anime/area music.txt~
2002.10.06 11:12 B D:\Don-anime-folder\AnimeCode\areas\narshe.are <-- sakura.lunar-tokyo.net /anime/area narshe.are
2002.10.06 11:12 B D:\Don-anime-folder\AnimeCode\areas\newguild.are <-- sakura.lunar-tokyo.net /anime/area newguild.are
2002.10.06 11:12 B D:\Don-anime-folder\AnimeCode\areas\news.not <-- sakura.lunar-tokyo.net /anime/area news.not
2002.10.06 11:12 B D:\Don-anime-folder\AnimeCode\areas\newthalos.are <-- sakura.lunar-tokyo.net /anime/area newthalos.are
2002.10.06 11:12 B D:\Don-anime-folder\AnimeCode\areas\ninjasc.are <-- sakura.lunar-tokyo.net /anime/area ninjasc.are
2002.10.06 11:12 B D:\Don-anime-folder\AnimeCode\areas\nirvana.are <-- sakura.lunar-tokyo.net /anime/area nirvana.are
2002.10.06 11:12 B D:\Don-anime-folder\AnimeCode\areas\notes.bak <-- sakura.lunar-tokyo.net /anime/area notes.bak
2002.10.06 11:12 B D:\Don-anime-folder\AnimeCode\areas\notes.not <-- sakura.lunar-tokyo.net /anime/area notes.not
2002.10.06 11:12 B D:\Don-anime-folder\AnimeCode\areas\nstar.are <-- sakura.lunar-tokyo.net /anime/area nstar.are
2002.10.06 11:12 B D:\Don-anime-folder\AnimeCode\areas\ofcol.are <-- sakura.lunar-tokyo.net /anime/area ofcol.are
2002.10.06 11:12 B D:\Don-anime-folder\AnimeCode\areas\ofcol2.are <-- sakura.lunar-tokyo.net /anime/area ofcol2.are
2002.10.06 11:12 B D:\Don-anime-folder\AnimeCode\areas\olc.hlp <-- sakura.lunar-tokyo.net /anime/area olc.hlp
2002.10.06 11:12 B D:\Don-anime-folder\AnimeCode\areas\olympus.are <-- sakura.lunar-tokyo.net /anime/area olympus.are
2002.10.06 11:12 B D:\Don-anime-folder\AnimeCode\areas\ourhelp.are <-- sakura.lunar-tokyo.net /anime/area ourhelp.are
2002.10.06 11:12 B D:\Don-anime-folder\AnimeCode\areas\ourhelp.are~ <-- sakura.lunar-tokyo.net /anime/area ourhelp.are~
2002.10.06 11:12 B D:\Don-anime-folder\AnimeCode\areas\penal.not <-- sakura.lunar-tokyo.net /anime/area penal.not
2002.10.06 11:12 B D:\Don-anime-folder\AnimeCode\areas\plains.are <-- sakura.lunar-tokyo.net /anime/area plains.are
2002.10.06 11:12 B D:\Don-anime-folder\AnimeCode\areas\proto.are <-- sakura.lunar-tokyo.net /anime/area proto.are
2002.10.06 11:12 B D:\Don-anime-folder\AnimeCode\areas\pyramid.are <-- sakura.lunar-tokyo.net /anime/area pyramid.are
2002.10.06 11:12 B D:\Don-anime-folder\AnimeCode\areas\quifael.are <-- sakura.lunar-tokyo.net /anime/area quifael.are
2002.10.06 11:12 B D:\Don-anime-folder\AnimeCode\areas\redferne.are <-- sakura.lunar-tokyo.net /anime/area redferne.are
2002.10.06 11:12 B D:\Don-anime-folder\AnimeCode\areas\rom.are <-- sakura.lunar-tokyo.net /anime/area rom.are
2002.10.06 11:12 B D:\Don-anime-folder\AnimeCode\areas\rom.are~ <-- sakura.lunar-tokyo.net /anime/area rom.are~
2002.10.06 11:12 B D:\Don-anime-folder\AnimeCode\areas\rpbar.are <-- sakura.lunar-tokyo.net /anime/area rpbar.are
2002.10.06 11:12 B D:\Don-anime-folder\AnimeCode\areas\rpbar.bak <-- sakura.lunar-tokyo.net /anime/area rpbar.bak
2002.10.06 11:12 B D:\Don-anime-folder\AnimeCode\areas\rpbar.fountain <-- sakura.lunar-tokyo.net /anime/area rpbar.fountain
2002.10.06 11:12 B D:\Don-anime-folder\AnimeCode\areas\ruleshlp.are <-- sakura.lunar-tokyo.net /anime/area ruleshlp.are
2002.10.06 11:12 B D:\Don-anime-folder\AnimeCode\areas\school.are <-- sakura.lunar-tokyo.net /anime/area school.are
2002.10.06 11:12 B D:\Don-anime-folder\AnimeCode\areas\school_broken.are <-- sakura.lunar-tokyo.net /anime/area school_broken.are
2002.10.06 11:12 B D:\Don-anime-folder\AnimeCode\areas\sewer.are <-- sakura.lunar-tokyo.net /anime/area sewer.are
2002.10.06 11:13 B D:\Don-anime-folder\AnimeCode\areas\shadowloo.are <-- sakura.lunar-tokyo.net /anime/area shadowloo.are
2002.10.06 11:13 B D:\Don-anime-folder\AnimeCode\areas\shire.are <-- sakura.lunar-tokyo.net /anime/area shire.are
2002.10.06 11:13 B D:\Don-anime-folder\AnimeCode\areas\shotokan.are <-- sakura.lunar-tokyo.net /anime/area shotokan.are
2002.10.06 11:13 B D:\Don-anime-folder\AnimeCode\areas\skillspellhlp.are <-- sakura.lunar-tokyo.net /anime/area skillspellhlp.are
2002.10.06 11:13 B D:\Don-anime-folder\AnimeCode\areas\smoon.are <-- sakura.lunar-tokyo.net /anime/area smoon.are
2002.10.06 11:13 B D:\Don-anime-folder\AnimeCode\areas\smoon2.are <-- sakura.lunar-tokyo.net /anime/area smoon2.are
2002.10.06 11:13 B D:\Don-anime-folder\AnimeCode\areas\smoon2.bak <-- sakura.lunar-tokyo.net /anime/area smoon2.bak
2002.10.06 11:13 B D:\Don-anime-folder\AnimeCode\areas\smurf.are <-- sakura.lunar-tokyo.net /anime/area smurf.are
2002.10.06 11:13 B D:\Don-anime-folder\AnimeCode\areas\social.are <-- sakura.lunar-tokyo.net /anime/area social.are
2002.10.06 11:13 B D:\Don-anime-folder\AnimeCode\areas\special.are <-- sakura.lunar-tokyo.net /anime/area special.are
2002.10.06 11:13 B D:\Don-anime-folder\AnimeCode\areas\stairhea.txt <-- sakura.lunar-tokyo.net /anime/area stairhea.txt
2002.10.06 11:13 B D:\Don-anime-folder\AnimeCode\areas\startup <-- sakura.lunar-tokyo.net /anime/area startup
2002.10.06 11:13 B D:\Don-anime-folder\AnimeCode\areas\startup.bak <-- sakura.lunar-tokyo.net /anime/area startup.bak
2002.10.06 11:13 B D:\Don-anime-folder\AnimeCode\areas\startup.bak2 <-- sakura.lunar-tokyo.net /anime/area startup.bak2
2002.10.06 11:13 B D:\Don-anime-folder\AnimeCode\areas\suzuran.are <-- sakura.lunar-tokyo.net /anime/area suzuran.are
2002.10.06 11:13 B D:\Don-anime-folder\AnimeCode\areas\tenchi.are <-- sakura.lunar-tokyo.net /anime/area tenchi.are
2002.10.06 11:13 B D:\Don-anime-folder\AnimeCode\areas\thalos.are <-- sakura.lunar-tokyo.net /anime/area thalos.are
2002.10.06 11:13 B D:\Don-anime-folder\AnimeCode\areas\tohell.are <-- sakura.lunar-tokyo.net /anime/area tohell.are
2002.10.06 11:13 B D:\Don-anime-folder\AnimeCode\areas\tokyo.are <-- sakura.lunar-tokyo.net /anime/area tokyo.are
2002.10.06 11:13 B D:\Don-anime-folder\AnimeCode\areas\trollden.are <-- sakura.lunar-tokyo.net /anime/area trollden.are
2002.10.06 11:13 B D:\Don-anime-folder\AnimeCode\areas\typos.txt <-- sakura.lunar-tokyo.net /anime/area typos.txt
2002.10.06 11:13 B D:\Don-anime-folder\AnimeCode\areas\under2.are <-- sakura.lunar-tokyo.net /anime/area under2.are
2002.10.06 11:13 B D:\Don-anime-folder\AnimeCode\areas\valley.are <-- sakura.lunar-tokyo.net /anime/area valley.are
2002.10.06 11:13 B D:\Don-anime-folder\AnimeCode\areas\warzone.are <-- sakura.lunar-tokyo.net /anime/area warzone.are
2002.10.06 11:13 B D:\Don-anime-folder\AnimeCode\areas\WarZone.ARE <-- sakura.lunar-tokyo.net /anime/area WarZone.ARE
2002.10.06 11:13 B D:\Don-anime-folder\AnimeCode\areas\wyvern.are <-- sakura.lunar-tokyo.net /anime/area wyvern.are
